<?xml version="1.0" encoding="UTF-8"?>
<!-- Generated by org.testng.reporters.JUnitXMLReporter -->
<testsuite ignored="1" hostname="DESKTOP-EN7BJGS" failures="1" tests="2" name="Login Error Validation" time="7.784" errors="0" timestamp="2024-03-01T13:46:36 IST">
  <testcase classname="RdAutomation.SeleniumFrameworkDesign.ErrorValidations" name="LoginErrorValidation" time="0.728">
    <skipped/>
  </testcase> <!-- LoginErrorValidation -->
  <testcase classname="RdAutomation.SeleniumFrameworkDesign.ErrorValidations" name="LoginErrorValidation" time="0.651">
    <failure type="java.lang.AssertionError" message="expected [Incorrect email or password.] but found [000]">
      <![CDATA[java.lang.AssertionError: expected [Incorrect email or password.] but found [000]
at RdAutomation.SeleniumFrameworkDesign.ErrorValidations.LoginErrorValidation(ErrorValidations.java:25)
at java.base/java.util.ArrayList.forEach(ArrayList.java:1511)
... Removed 37 stack frames]]>
    </failure>
  </testcase> <!-- LoginErrorValidation -->
  <testcase classname="RdAutomation.SeleniumFrameworkDesign.ErrorValidations" name="ProductErrorValidation" time="0.0">
    <ignored/>
  </testcase> <!-- ProductErrorValidation -->
</testsuite> <!-- Login Error Validation -->
