<?xml version="1.0" encoding="UTF-8"?>
<!-- Generated by org.testng.reporters.JUnitXMLReporter -->
<testsuite ignored="1" hostname="DESKTOP-EN7BJGS" failures="0" tests="2" name="TCs releated to Purchase" time="6.464" errors="0" timestamp="2024-03-01T17:55:15 IST">
  <testcase classname="RdAutomation.SeleniumFrameworkDesign.TestComponents.BaseTest" name="@BeforeMethod launchApplication" time="2.944">
    <failure type="java.lang.NullPointerException" message="Cannot read field &amp;quot;width&amp;quot; because &amp;quot;targetSize&amp;quot; is null">
      <![CDATA[java.lang.NullPointerException: Cannot read field "width" because "targetSize" is null
at org.openqa.selenium.remote.DriverCommand.SET_CURRENT_WINDOW_SIZE(DriverCommand.java:395)
at org.openqa.selenium.remote.RemoteWebDriver$RemoteWebDriverOptions$RemoteWindow.setSize(RemoteWebDriver.java:1013)
at RdAutomation.SeleniumFrameworkDesign.TestComponents.BaseTest.initializeDriver(BaseTest.java:60)
at RdAutomation.SeleniumFrameworkDesign.TestComponents.BaseTest.launchApplication(BaseTest.java:114)
at java.base/java.util.ArrayList.forEach(ArrayList.java:1511)
... Removed 35 stack frames]]>
    </failure>
  </testcase> <!-- @BeforeMethod launchApplication -->
  <testcase classname="RdAutomation.SeleniumFrameworkDesign.TestComponents.BaseTest" name="@BeforeMethod launchApplication" time="2.496">
    <failure type="java.lang.NullPointerException" message="Cannot read field &amp;quot;width&amp;quot; because &amp;quot;targetSize&amp;quot; is null">
      <![CDATA[java.lang.NullPointerException: Cannot read field "width" because "targetSize" is null
at org.openqa.selenium.remote.DriverCommand.SET_CURRENT_WINDOW_SIZE(DriverCommand.java:395)
at org.openqa.selenium.remote.RemoteWebDriver$RemoteWebDriverOptions$RemoteWindow.setSize(RemoteWebDriver.java:1013)
at RdAutomation.SeleniumFrameworkDesign.TestComponents.BaseTest.initializeDriver(BaseTest.java:60)
at RdAutomation.SeleniumFrameworkDesign.TestComponents.BaseTest.launchApplication(BaseTest.java:114)
at java.base/java.util.ArrayList.forEach(ArrayList.java:1511)
... Removed 35 stack frames]]>
    </failure>
  </testcase> <!-- @BeforeMethod launchApplication -->
  <testcase classname="RdAutomation.SeleniumFrameworkDesign.eCommerceSubmitOrders" name="SubmitOrder" time="0.0">
    <skipped/>
  </testcase> <!-- SubmitOrder -->
  <testcase classname="RdAutomation.SeleniumFrameworkDesign.eCommerceSubmitOrders" name="SubmitOrder" time="0.0">
    <skipped/>
  </testcase> <!-- SubmitOrder -->
  <testcase classname="RdAutomation.SeleniumFrameworkDesign.eCommerceSubmitOrders" name="OrderHistoryTest" time="0.0">
    <ignored/>
  </testcase> <!-- OrderHistoryTest -->
</testsuite> <!-- TCs releated to Purchase -->
